# JRE version: OpenJDK Runtime Environment (8.0_242-b01) (build 1.8.0_242-release-1644-b01)
# Java VM: OpenJDK 64-Bit Server VM (25.242-b01 mixed mode windows-amd64 compressed oops)
Heap:
 PSYoungGen      total 645120K, used 589876K [0x00000000d5580000, 0x00000000ffa00000, 0x0000000100000000)
  eden space 601600K, 95% used [0x00000000d5580000,0x00000000f85132e8,0x00000000fa100000)
  from space 43520K, 38% used [0x00000000fcf80000,0x00000000fdff9ed0,0x00000000ffa00000)
  to   space 45568K, 0% used [0x00000000fa100000,0x00000000fa100000,0x00000000fcd80000)
 ParOldGen       total 381952K, used 151481K [0x0000000080000000, 0x0000000097500000, 0x00000000d5580000)
  object space 381952K, 39% used [0x0000000080000000,0x00000000893ee418,0x0000000097500000)
 Metaspace       used 118055K, capacity 126233K, committed 126528K, reserved 1159168K
  class space    used 15370K, capacity 16885K, committed 16984K, reserved 1048576K
GC Heap History (10 events):
Event: 121.972 GC heap before
{Heap before GC invocations=22 (full 4):
 PSYoungGen      total 577024K, used 540102K [0x00000000d5580000, 0x00000000ffb00000, 0x0000000100000000)
  eden space 525312K, 100% used [0x00000000d5580000,0x00000000f5680000,0x00000000f5680000)
  from space 51712K, 28% used [0x00000000f5680000,0x00000000f64f1a58,0x00000000f8900000)
  to   space 50688K, 0% used [0x00000000fc980000,0x00000000fc980000,0x00000000ffb00000)
 ParOldGen       total 381952K, used 122227K [0x0000000080000000, 0x0000000097500000, 0x00000000d5580000)
  object space 381952K, 32% used [0x0000000080000000,0x000000008775cc68,0x0000000097500000)
 Metaspace       used 107119K, capacity 114189K, committed 114368K, reserved 1148928K
  class space    used 14104K, capacity 15468K, committed 15576K, reserved 1048576K
Event: 121.993 GC heap after
Heap after GC invocations=22 (full 4):
 PSYoungGen      total 643072K, used 6208K [0x00000000d5580000, 0x00000000fff00000, 0x0000000100000000)
  eden space 592384K, 0% used [0x00000000d5580000,0x00000000d5580000,0x00000000f9800000)
  from space 50688K, 12% used [0x00000000fc980000,0x00000000fcf90010,0x00000000ffb00000)
  to   space 50688K, 0% used [0x00000000f9800000,0x00000000f9800000,0x00000000fc980000)
 ParOldGen       total 381952K, used 134586K [0x0000000080000000, 0x0000000097500000, 0x00000000d5580000)
  object space 381952K, 35% used [0x0000000080000000,0x000000008836e8c8,0x0000000097500000)
 Metaspace       used 107119K, capacity 114189K, committed 114368K, reserved 1148928K
  class space    used 14104K, capacity 15468K, committed 15576K, reserved 1048576K
}
Event: 122.568 GC heap before
{Heap before GC invocations=23 (full 4):
 PSYoungGen      total 643072K, used 598592K [0x00000000d5580000, 0x00000000fff00000, 0x0000000100000000)
  eden space 592384K, 100% used [0x00000000d5580000,0x00000000f9800000,0x00000000f9800000)
  from space 50688K, 12% used [0x00000000fc980000,0x00000000fcf90010,0x00000000ffb00000)
  to   space 50688K, 0% used [0x00000000f9800000,0x00000000f9800000,0x00000000fc980000)
 ParOldGen       total 381952K, used 134586K [0x0000000080000000, 0x0000000097500000, 0x00000000d5580000)
  object space 381952K, 35% used [0x0000000080000000,0x000000008836e8c8,0x0000000097500000)
 Metaspace       used 107147K, capacity 114189K, committed 114368K, reserved 1148928K
  class space    used 14105K, capacity 15468K, committed 15576K, reserved 1048576K
Event: 122.588 GC heap after
Heap after GC invocations=23 (full 4):
 PSYoungGen      total 643072K, used 8192K [0x00000000d5580000, 0x00000000fff00000, 0x0000000100000000)
  eden space 592384K, 0% used [0x00000000d5580000,0x00000000d5580000,0x00000000f9800000)
  from space 50688K, 16% used [0x00000000f9800000,0x00000000fa000138,0x00000000fc980000)
  to   space 50176K, 0% used [0x00000000fce00000,0x00000000fce00000,0x00000000fff00000)
 ParOldGen       total 381952K, used 140121K [0x0000000080000000, 0x0000000097500000, 0x00000000d5580000)
  object space 381952K, 36% used [0x0000000080000000,0x00000000888d65e8,0x0000000097500000)
 Metaspace       used 107147K, capacity 114189K, committed 114368K, reserved 1148928K
  class space    used 14105K, capacity 15468K, committed 15576K, reserved 1048576K
}
Event: 123.405 GC heap before
{Heap before GC invocations=24 (full 4):
 PSYoungGen      total 643072K, used 600576K [0x00000000d5580000, 0x00000000fff00000, 0x0000000100000000)
  eden space 592384K, 100% used [0x00000000d5580000,0x00000000f9800000,0x00000000f9800000)
  from space 50688K, 16% used [0x00000000f9800000,0x00000000fa000138,0x00000000fc980000)
  to   space 50176K, 0% used [0x00000000fce00000,0x00000000fce00000,0x00000000fff00000)
 ParOldGen       total 381952K, used 140121K [0x0000000080000000, 0x0000000097500000, 0x00000000d5580000)
  object space 381952K, 36% used [0x0000000080000000,0x00000000888d65e8,0x0000000097500000)
 Metaspace       used 107261K, capacity 114341K, committed 114624K, reserved 1148928K
  class space    used 14105K, capacity 15468K, committed 15576K, reserved 1048576K
Event: 123.427 GC heap after
Heap after GC invocations=24 (full 4):
 PSYoungGen      total 646656K, used 6812K [0x00000000d5580000, 0x00000000ffd80000, 0x0000000100000000)
  eden space 598016K, 0% used [0x00000000d5580000,0x00000000d5580000,0x00000000f9d80000)
  from space 48640K, 14% used [0x00000000fce00000,0x00000000fd4a72a0,0x00000000ffd80000)
  to   space 49152K, 0% used [0x00000000f9d80000,0x00000000f9d80000,0x00000000fcd80000)
 ParOldGen       total 381952K, used 145349K [0x0000000080000000, 0x0000000097500000, 0x00000000d5580000)
  object space 381952K, 38% used [0x0000000080000000,0x0000000088df1408,0x0000000097500000)
 Metaspace       used 107261K, capacity 114341K, committed 114624K, reserved 1148928K
  class space    used 14105K, capacity 15468K, committed 15576K, reserved 1048576K
}
Event: 124.862 GC heap before
{Heap before GC invocations=25 (full 4):
 PSYoungGen      total 646656K, used 604828K [0x00000000d5580000, 0x00000000ffd80000, 0x0000000100000000)
  eden space 598016K, 100% used [0x00000000d5580000,0x00000000f9d80000,0x00000000f9d80000)
  from space 48640K, 14% used [0x00000000fce00000,0x00000000fd4a72a0,0x00000000ffd80000)
  to   space 49152K, 0% used [0x00000000f9d80000,0x00000000f9d80000,0x00000000fcd80000)
 ParOldGen       total 381952K, used 145349K [0x0000000080000000, 0x0000000097500000, 0x00000000d5580000)
  object space 381952K, 38% used [0x0000000080000000,0x0000000088df1408,0x0000000097500000)
 Metaspace       used 107307K, capacity 114411K, committed 114624K, reserved 1148928K
  class space    used 14106K, capacity 15469K, committed 15576K, reserved 1048576K
Event: 124.880 GC heap after
Heap after GC invocations=25 (full 4):
 PSYoungGen      total 647168K, used 6192K [0x00000000d5580000, 0x00000000ffe80000, 0x0000000100000000)
  eden space 598016K, 0% used [0x00000000d5580000,0x00000000d5580000,0x00000000f9d80000)
  from space 49152K, 12% used [0x00000000f9d80000,0x00000000fa38c3d8,0x00000000fcd80000)
  to   space 48128K, 0% used [0x00000000fcf80000,0x00000000fcf80000,0x00000000ffe80000)
 ParOldGen       total 381952K, used 148840K [0x0000000080000000, 0x0000000097500000, 0x00000000d5580000)
  object space 381952K, 38% used [0x0000000080000000,0x000000008915a158,0x0000000097500000)
 Metaspace       used 107307K, capacity 114411K, committed 114624K, reserved 1148928K
  class space    used 14106K, capacity 15469K, committed 15576K, reserved 1048576K
}
Event: 130.971 GC heap before
{Heap before GC invocations=26 (full 4):
 PSYoungGen      total 647168K, used 604208K [0x00000000d5580000, 0x00000000ffe80000, 0x0000000100000000)
  eden space 598016K, 100% used [0x00000000d5580000,0x00000000f9d80000,0x00000000f9d80000)
  from space 49152K, 12% used [0x00000000f9d80000,0x00000000fa38c3d8,0x00000000fcd80000)
  to   space 48128K, 0% used [0x00000000fcf80000,0x00000000fcf80000,0x00000000ffe80000)
 ParOldGen       total 381952K, used 148840K [0x0000000080000000, 0x0000000097500000, 0x00000000d5580000)
  object space 381952K, 38% used [0x0000000080000000,0x000000008915a158,0x0000000097500000)
 Metaspace       used 114743K, capacity 122293K, committed 122432K, reserved 1155072K
  class space    used 15021K, capacity 16449K, committed 16472K, reserved 1048576K
Event: 130.992 GC heap after
Heap after GC invocations=26 (full 4):
 PSYoungGen      total 645120K, used 16871K [0x00000000d5580000, 0x00000000ffa00000, 0x0000000100000000)
  eden space 601600K, 0% used [0x00000000d5580000,0x00000000d5580000,0x00000000fa100000)
  from space 43520K, 38% used [0x00000000fcf80000,0x00000000fdff9ed0,0x00000000ffa00000)
  to   space 45568K, 0% used [0x00000000fa100000,0x00000000fa100000,0x00000000fcd80000)
 ParOldGen       total 381952K, used 151481K [0x0000000080000000, 0x0000000097500000, 0x00000000d5580000)
  object space 381952K, 39% used [0x0000000080000000,0x00000000893ee418,0x0000000097500000)
 Metaspace       used 114743K, capacity 122293K, committed 122432K, reserved 1155072K
  class space    used 15021K, capacity 16449K, committed 16472K, reserved 1048576K
}

